2019-11-27 12:21:14.090   MAIN   INF   Server running
2019-11-27 12:21:38.363   MAIN   INF   Server running
2019-11-27 12:21:40.390   MAIN   INF   Displaying LCD for Rompa
2019-11-27 12:22:04.852   MAIN   INF   Server running
2019-11-27 12:22:05.499   MAIN   INF   Displaying LCD for Rompa
2019-11-27 12:22:23.609   MAIN   INF   Server running
2019-11-27 12:23:22.261   MAIN   INF   Displaying LCD for Rompa
2019-11-27 12:23:36.212   MAIN   INF   Displaying LCD for Rompa
2019-11-27 12:25:45.915   MAIN   INF   Displaying LCD for Rompa
2019-11-27 12:26:38.478   MAIN   INF   Displaying LCD for Rompa
2019-11-27 12:26:59.480   MAIN   INF   Displaying LCD for Rompa
2019-11-27 12:27:16.514   MAIN   INF   Displaying LCD for Rompa
2019-11-27 12:27:22.793   MAIN   INF   Displaying LCD for Rompa
2019-11-27 12:27:27.679   MAIN   INF   Displaying LCD for Rompa
2019-11-27 12:27:33.979   MAIN   INF   Displaying LCD for Rompa
2019-11-27 12:27:44.970   MAIN   INF   Displaying LCD for Rompa
2019-11-27 12:27:55.659   MAIN   INF   Displaying LCD for Rompa
2019-11-27 12:28:01.993   MAIN   INF   Displaying LCD for Rompa
2019-11-27 12:28:05.901   MAIN   INF   Displaying LCD for Rompa
2019-11-27 12:28:13.080   MAIN   INF   Displaying LCD for Rompa
2019-11-27 12:28:26.630   MAIN   INF   Displaying LCD for Rompa
2019-11-27 12:28:32.483   MAIN   INF   Displaying LCD for Rompa
2019-11-27 12:28:44.094   MAIN   INF   Displaying LCD for Rompa
2019-11-27 12:29:33.698   MAIN   INF   Displaying LCD for Rompa
2019-11-27 12:29:36.732   MAIN   INF   Displaying LCD for Rompa
2019-11-27 12:29:41.937   MAIN   INF   Displaying LCD for Rompa
2019-11-27 12:29:47.188   MAIN   INF   Displaying LCD for Rompa
2019-11-27 12:30:10.021   MAIN   INF   Displaying LCD for Rompa
2019-11-27 12:30:18.889   MAIN   INF   Displaying LCD for Rompa
2019-11-27 12:30:24.279   MAIN   INF   Displaying LCD for Rompa
2019-11-27 12:30:33.557   MAIN   INF   Displaying LCD for Rompa
2019-11-27 12:30:41.740   MAIN   INF   Displaying LCD for Rompa
2019-11-27 12:30:51.403   MAIN   INF   Displaying LCD for Rompa
2019-11-27 12:30:58.035   MAIN   INF   Displaying LCD for Rompa
2019-11-27 12:31:21.731   MAIN   INF   Displaying LCD for Rompa
2019-11-27 12:31:34.241   MAIN   INF   Displaying LCD for Rompa
2019-11-27 12:32:03.948   MAIN   INF   Displaying LCD for Rompa
2019-11-27 12:32:21.927   MAIN   INF   Displaying LCD for Rompa
2019-11-27 12:32:25.677   MAIN   INF   Displaying LCD for Rompa
2019-11-27 12:32:46.875   MAIN   INF   Displaying LCD for Rompa
2019-11-27 12:34:33.475   MAIN   INF   Server running
2019-11-27 12:34:34.573   MAIN   INF   Displaying LCD for Rompa
2019-11-27 12:34:35.488   MAIN   INF   Displaying LCD for Rompa
2019-11-27 12:34:48.930   MAIN   INF   Server running
2019-11-27 12:34:50.864   MAIN   INF   Displaying LCD for Rompa
2019-11-27 12:35:00.678   MAIN   INF   Server running
2019-11-27 12:35:01.224   MAIN   INF   Displaying LCD for Rompa
2019-11-27 12:35:11.527   MAIN   INF   Server running
2019-11-27 12:35:12.210   MAIN   INF   Displaying LCD for Rompa
2019-11-27 12:35:24.496   MAIN   INF   Server running
2019-11-27 12:35:25.616   MAIN   INF   Displaying LCD for Rompa
2019-11-27 12:35:40.468   MAIN   INF   Server running
2019-11-27 12:35:43.696   MAIN   INF   Displaying LCD for Rompa
2019-11-27 12:39:03.174   MAIN   INF   Server running
2019-11-27 12:39:03.866   MAIN   INF   Displaying LCD for Rompa
2019-11-27 12:39:23.576   MAIN   INF   Server running
2019-11-27 12:39:25.307   MAIN   INF   Displaying LCD for Rompa
2019-11-27 12:40:16.115   MAIN   INF   Server running
2019-11-27 12:40:16.963   MAIN   INF   Displaying LCD for Rompa
2019-11-27 12:44:49.495   MAIN   INF   Displaying LCD for Rompa
2019-11-27 12:44:55.673   MAIN   INF   Displaying LCD for Rompa
2019-11-27 12:45:08.131   MAIN   INF   Displaying LCD for Rompa
2019-11-27 12:45:12.267   MAIN   INF   Displaying LCD for Rompa
2019-11-27 12:45:20.345   MAIN   INF   Displaying LCD for Rompa
2019-11-27 12:46:10.183   MAIN   INF   Displaying LCD for Rompa
2019-11-27 12:46:28.160   MAIN   INF   Displaying LCD for Rompa
2019-11-27 12:46:37.582   MAIN   INF   Displaying LCD for Rompa
2019-11-27 12:46:41.341   MAIN   INF   Displaying LCD for Rompa
2019-11-27 12:46:51.400   MAIN   INF   Displaying LCD for Rompa
2019-11-27 12:47:02.181   MAIN   INF   Displaying LCD for Rompa
2019-11-27 12:47:14.990   MAIN   INF   Displaying LCD for Rompa
2019-11-27 12:47:20.006   MAIN   INF   Displaying LCD for Rompa
2019-11-27 12:47:46.249   MAIN   INF   Displaying LCD for Rompa
2019-11-27 12:48:30.902   MAIN   INF   Displaying LCD for Rompa
2019-11-27 12:53:18.618   MAIN   INF   Server running
2019-11-27 12:53:22.400   MAIN   INF   Displaying LCD for Rompa
2019-11-27 12:59:31.175   MAIN   INF   Server running
2019-11-27 13:01:39.179   MAIN   INF   Server running
2019-11-27 13:01:40.865   MAIN   INF   Displaying LCD for Rompa
2019-11-27 13:01:40.867   MAIN   INF   Displaying LCD for Rompa
2019-11-27 13:01:40.869   MAIN   INF   Displaying LCD for Rompa
2019-11-27 13:01:42.114   MAIN   INF   Displaying LCD for Rompa
2019-11-27 13:01:42.116   MAIN   INF   Displaying LCD for Rompa
2019-11-27 13:01:42.119   MAIN   INF   Displaying LCD for Rompa
2019-11-27 13:02:00.961   MAIN   INF   Server running
2019-11-27 13:02:02.616   MAIN   INF   Displaying LCD for Rompa
2019-11-27 13:02:02.618   MAIN   INF   Displaying LCD for Rompa
2019-11-27 13:02:02.623   MAIN   INF   Displaying LCD for Rompa
2019-11-27 13:02:03.475   MAIN   INF   Displaying LCD for Rompa
2019-11-27 13:02:03.477   MAIN   INF   Displaying LCD for Rompa
2019-11-27 13:02:03.479   MAIN   INF   Displaying LCD for Rompa
2019-11-27 13:02:14.643   MAIN   INF   Displaying LCD for Rompa
2019-11-27 13:02:14.645   MAIN   INF   Displaying LCD for Rompa
2019-11-27 13:02:14.647   MAIN   INF   Displaying LCD for Rompa
2019-11-27 13:02:15.609   MAIN   INF   Displaying LCD for Rompa
2019-11-27 13:02:15.612   MAIN   INF   Displaying LCD for Rompa
2019-11-27 13:02:15.614   MAIN   INF   Displaying LCD for Rompa
2019-11-27 13:02:16.499   MAIN   INF   Displaying LCD for Rompa
2019-11-27 13:02:16.501   MAIN   INF   Displaying LCD for Rompa
2019-11-27 13:02:16.503   MAIN   INF   Displaying LCD for Rompa
2019-11-27 13:02:19.114   MAIN   INF   Server running
2019-11-27 13:02:20.603   MAIN   INF   Displaying LCD for Rompa
2019-11-27 13:02:20.605   MAIN   INF   Displaying LCD for Rompa
2019-11-27 13:02:20.607   MAIN   INF   Displaying LCD for Rompa
2019-11-27 13:02:21.127   MAIN   INF   Displaying LCD for Rompa
2019-11-27 13:02:21.129   MAIN   INF   Displaying LCD for Rompa
2019-11-27 13:02:21.131   MAIN   INF   Displaying LCD for Rompa
2019-11-27 13:02:21.346   MAIN   INF   Displaying LCD for Rompa
2019-11-27 13:02:21.348   MAIN   INF   Displaying LCD for Rompa
2019-11-27 13:02:21.350   MAIN   INF   Displaying LCD for Rompa
2019-11-27 13:02:31.107   MAIN   INF   Server running
2019-11-27 13:02:33.293   MAIN   INF   Displaying LCD for Rompa
2019-11-27 13:02:33.295   MAIN   INF   Displaying LCD for Rompa
2019-11-27 13:02:33.297   MAIN   INF   Displaying LCD for Rompa
2019-11-27 13:04:07.376   MAIN   INF   Server running
2019-11-27 13:04:08.657   MAIN   INF   Displaying LCD for Rompa
2019-11-27 13:04:49.338   MAIN   INF   Server running
2019-11-27 13:04:49.757   MAIN   INF   Displaying LCD for Rompa
2019-11-27 13:04:50.995   MAIN   INF   Displaying LCD for Rompa
2019-11-27 13:04:56.485   MAIN   INF   Server running
2019-11-27 13:04:57.937   MAIN   INF   Displaying LCD for Rompa
2019-11-27 13:05:19.499   MAIN   INF   Displaying LCD for Rompa
2019-11-27 13:05:30.011   MAIN   INF   Displaying LCD for Rompa
2019-11-27 13:05:39.443   MAIN   INF   Displaying LCD for Rompa
2019-11-27 13:06:02.384   MAIN   INF   Displaying LCD for Rompa
2019-11-27 13:06:15.771   MAIN   INF   Displaying LCD for Rompa
2019-11-27 13:06:19.924   MAIN   INF   Displaying LCD for Rompa
2019-11-27 13:06:46.562   MAIN   INF   Displaying LCD for Rompa
2019-11-27 13:07:13.815   MAIN   INF   Displaying LCD for Rompa
2019-11-27 13:08:05.760   MAIN   INF   Displaying LCD for Rompa
2019-11-27 13:14:49.772   MAIN   INF   Server running
2019-11-27 13:14:53.197   MAIN   INF   Displaying LCD for Rompa
2019-11-27 13:14:58.259   MAIN   INF   Displaying LCD for Rompa
2019-11-27 13:15:47.912   MAIN   INF   Displaying LCD for Rompa
2019-11-27 13:17:10.829   MAIN   INF   Server running
2019-11-27 13:17:11.262   MAIN   INF   Displaying LCD for Rompa
2019-11-27 13:19:08.434   MAIN   INF   Server running
2019-11-27 13:19:12.646   MAIN   INF   Displaying LCD for Rompa
2019-11-27 13:19:39.961   MAIN   INF   Displaying LCD for Rompa
2019-11-27 13:19:55.691   MAIN   INF   Displaying LCD for Rompa
2019-11-27 13:20:22.416   MAIN   INF   Displaying LCD for Rompa
2019-11-27 13:20:30.119   MAIN   INF   Displaying LCD for Rompa
2019-11-27 13:20:37.669   MAIN   INF   Displaying LCD for Rompa
2019-11-27 13:20:44.953   MAIN   INF   Displaying LCD for Rompa
2019-11-27 13:21:03.035   MAIN   INF   Displaying LCD for Rompa
2019-11-27 13:21:06.888   MAIN   INF   Displaying LCD for Rompa
2019-11-27 13:21:45.865   MAIN   INF   Displaying LCD for Rompa
2019-11-27 13:21:52.521   MAIN   INF   Server running
2019-11-27 13:21:54.682   MAIN   INF   Displaying LCD for Rompa
2019-11-27 13:22:57.686   MAIN   INF   Server running
2019-11-27 13:23:02.963   MAIN   INF   Displaying LCD for Rompa
2019-11-27 13:23:07.370   MAIN   INF   Displaying LCD for Rompa
2019-11-27 13:23:11.446   MAIN   INF   Displaying LCD for Rompa
2019-11-27 13:23:42.499   MAIN   INF   Server running
2019-11-27 13:23:43.948   MAIN   INF   Displaying LCD for Rompa
2019-11-27 13:24:08.733   MAIN   INF   Displaying LCD for Rompa
2019-11-27 13:24:13.652   MAIN   INF   Server running
2019-11-27 13:24:15.282   MAIN   INF   Displaying LCD for Rompa
2019-11-27 13:25:08.081   MAIN   INF   Server running
2019-11-27 13:25:08.299   MAIN   INF   Displaying LCD for Rompa
2019-11-27 13:25:58.960   MAIN   INF   Server running
2019-11-27 13:26:00.964   MAIN   INF   Displaying LCD for Rompa
2019-11-27 13:26:16.124   MAIN   INF   Displaying LCD for Rompa
2019-11-27 13:26:47.540   MAIN   INF   Server running
2019-11-27 13:27:04.087   MAIN   INF   Server running
2019-11-27 13:27:04.579   MAIN   INF   Displaying LCD for Rompa
2019-11-27 13:29:05.252   MAIN   INF   Server running
2019-11-27 13:30:49.199   MAIN   INF   Server running
2019-11-27 13:31:02.151   MAIN   INF   Displaying LCD for Rompa
2019-11-27 13:31:38.099   MAIN   INF   Server running
2019-11-27 13:33:28.011   MAIN   INF   Server running
2019-11-27 13:33:29.112   MAIN   INF   Displaying LCD for Rompa
2019-11-27 13:42:45.246   MAIN   INF   Server running
2019-11-27 13:42:48.312   MAIN   INF   Displaying LCD for Rompa
2019-11-27 13:43:36.443   MAIN   INF   Displaying LCD for Rompa
2019-11-27 13:43:56.108   MAIN   INF   Displaying LCD for Rompa
2019-11-27 13:44:03.303   MAIN   INF   Displaying LCD for Rompa
2019-11-27 13:44:18.463   MAIN   INF   Displaying LCD for Rompa
2019-11-27 13:44:31.368   MAIN   INF   Displaying LCD for Rompa
2019-11-27 13:44:39.294   MAIN   INF   Displaying LCD for Rompa
2019-11-27 13:44:53.349   MAIN   INF   Displaying LCD for Rompa
2019-11-27 13:45:22.109   MAIN   INF   Displaying LCD for Rompa
2019-11-27 13:46:25.349   MAIN   INF   Displaying LCD for Rompa
2019-11-27 13:47:25.667   MAIN   INF   Displaying LCD for Rompa
2019-11-27 13:47:55.298   MAIN   INF   Displaying LCD for Rompa
2019-11-27 13:48:26.800   MAIN   INF   Displaying LCD for Rompa
2019-11-27 13:49:00.620   MAIN   INF   Displaying LCD for Rompa
2019-11-27 13:49:13.833   MAIN   INF   Displaying LCD for Rompa
2019-11-27 13:49:27.812   MAIN   INF   Displaying LCD for Rompa
2019-11-27 13:49:45.508   MAIN   INF   Displaying LCD for Rompa
2019-11-27 13:49:53.480   MAIN   INF   Displaying LCD for Rompa
2019-11-27 13:50:10.256   MAIN   INF   Displaying LCD for Rompa
2019-11-27 13:50:58.324   MAIN   INF   Server running
2019-11-27 13:51:00.821   MAIN   INF   Displaying LCD for Rompa
2019-11-27 13:52:22.481   MAIN   INF   Server running
2019-11-27 13:52:24.238   MAIN   INF   Displaying LCD for Rompa
2019-11-27 14:01:21.545   MAIN   INF   Server running
2019-11-27 14:03:18.448   MAIN   INF   Server running
2019-11-27 14:03:20.683   MAIN   INF   Displaying LCD for Rompa
2019-11-27 14:05:11.504   MAIN   INF   Server running
2019-11-27 14:05:12.793   MAIN   INF   Displaying LCD for Rompa
2019-11-27 14:05:50.609   MAIN   INF   Server running
2019-11-27 14:05:51.109   MAIN   INF   Displaying LCD for Rompa
2019-11-27 14:08:20.401   MAIN   INF   Server running
2019-11-27 14:08:34.250   MAIN   INF   Displaying LCD for Rompa
2019-11-27 14:08:44.866   MAIN   INF   Displaying LCD for Rompa
2019-11-27 14:08:52.748   MAIN   INF   Displaying LCD for Rompa
2019-11-27 14:09:39.391   MAIN   INF   Displaying LCD for Rompa
2019-11-27 14:10:37.935   MAIN   INF   Displaying LCD for Rompa
2019-11-27 14:10:51.208   MAIN   INF   Displaying LCD for Rompa
2019-11-27 14:10:58.313   MAIN   INF   Displaying LCD for Rompa
2019-11-27 14:11:03.687   MAIN   INF   Displaying LCD for Rompa
2019-11-27 14:11:09.237   MAIN   INF   Displaying LCD for Rompa
2019-11-27 14:11:27.730   MAIN   INF   Displaying LCD for Rompa
2019-11-27 14:11:45.560   MAIN   INF   Displaying LCD for Rompa
2019-11-27 14:11:51.738   MAIN   INF   Displaying LCD for Rompa
2019-11-27 14:12:18.167   MAIN   INF   Displaying LCD for Rompa
2019-11-27 14:12:28.606   MAIN   INF   Displaying LCD for Rompa
2019-11-27 14:12:52.149   MAIN   INF   Displaying LCD for Rompa
2019-11-27 14:13:01.300   MAIN   INF   Displaying LCD for Rompa
2019-11-27 14:13:10.296   MAIN   INF   Displaying LCD for Rompa
2019-11-27 14:13:17.796   MAIN   INF   Displaying LCD for Rompa
2019-11-27 14:13:28.430   MAIN   INF   Displaying LCD for Rompa
2019-11-27 14:13:43.925   MAIN   INF   Displaying LCD for Rompa
2019-11-27 14:13:59.006   MAIN   INF   Displaying LCD for Rompa
2019-11-27 14:14:20.276   MAIN   INF   Server running
2019-11-27 14:14:22.040   MAIN   INF   Displaying LCD for Rompa
2019-11-27 14:17:17.831   MAIN   WRN   Config file does not exist, creating
2019-11-27 14:17:17.831   MAIN   INF   Directory for config file created
2019-11-27 14:17:17.832   MAIN   INF   Writing data to JSON file
2019-11-27 14:17:17.832   MAIN   INF   Data written to config file
2019-11-27 14:17:17.832   MAIN   INF   Server running
2019-11-27 14:26:01.389   MAIN   INF   Server running
2019-11-27 14:27:06.741   MAIN   INF   Server running
2019-11-27 14:27:21.300   MAIN   INF   Displaying LCD for Rompa
2019-11-27 14:27:21.328   MAIN   ERR   Problem opening zapsi2 database: dial tcp: lookup zapsidatabase: no such host
2019-11-27 14:27:23.153   MAIN   INF   Displaying LCD for Rompa
2019-11-27 14:27:23.155   MAIN   ERR   Problem opening zapsi2 database: dial tcp: lookup zapsidatabase: no such host
2019-11-27 14:27:46.307   MAIN   INF   Server running
2019-11-27 14:27:47.510   MAIN   INF   Displaying LCD for Rompa
2019-11-27 14:28:21.716   MAIN   INF   Server running
2019-11-27 14:28:23.561   MAIN   INF   Displaying LCD for Rompa
2019-11-27 14:28:23.569   MAIN   INF   Adding worklace: JAHODA
2019-11-27 14:28:43.382   MAIN   INF   Server running
2019-11-27 14:28:43.772   MAIN   INF   Displaying LCD for Rompa
2019-11-27 14:28:43.780   MAIN   INF   Adding worklace: JAHODA
2019-11-27 14:29:27.543   MAIN   INF   Server running
2019-11-27 14:29:28.531   MAIN   INF   Displaying LCD for Rompa
2019-11-27 14:29:28.538   MAIN   INF   Adding worklace: JAHODA
2019-11-27 14:29:28.538   MAIN   INF   version: 2019.4.2.27
2019-11-27 14:29:58.514   MAIN   INF   Server running
2019-11-27 14:30:00.521   MAIN   INF   Displaying LCD for Rompa
2019-11-27 14:30:00.528   MAIN   INF   Adding worklace: JAHODA
2019-11-27 14:30:02.732   MAIN   INF   Displaying LCD for Rompa
2019-11-27 14:30:02.738   MAIN   INF   Adding worklace: JAHODA
2019-11-27 14:36:13.161   MAIN   INF   Server running
2019-11-27 14:36:14.225   MAIN   INF   Displaying LCD for Rompa
2019-11-27 14:36:14.231   MAIN   INF   Adding worklace: JAHODA
2019-11-27 14:36:15.194   MAIN   INF   Displaying LCD for Rompa
2019-11-27 14:36:15.199   MAIN   INF   Adding worklace: JAHODA
2019-11-27 14:36:18.272   MAIN   INF   Displaying LCD for Rompa
2019-11-27 14:36:18.277   MAIN   INF   Adding worklace: JAHODA
2019-11-27 14:36:45.056   MAIN   INF   Server running
2019-11-27 14:36:45.716   MAIN   INF   Displaying LCD for Rompa
2019-11-27 14:36:45.722   MAIN   INF   Adding worklace: JAHODA
2019-11-27 14:37:18.760   MAIN   INF   Server running
2019-11-27 14:37:23.535   MAIN   INF   Displaying LCD for Rompa
2019-11-27 14:37:23.541   MAIN   INF   Adding worklace: JAHODA
2019-11-27 14:37:24.800   MAIN   INF   Displaying LCD for Rompa
2019-11-27 14:37:24.806   MAIN   INF   Adding worklace: JAHODA
2019-11-27 14:38:05.681   MAIN   INF   Server running
2019-11-27 14:38:06.878   MAIN   INF   Displaying LCD for Rompa
2019-11-27 14:38:06.883   MAIN   INF   JAHODA
2019-11-27 14:38:07.786   MAIN   INF   Displaying LCD for Rompa
2019-11-27 14:38:07.791   MAIN   INF   JAHODA
2019-11-27 14:38:09.829   MAIN   INF   Displaying LCD for Rompa
2019-11-27 14:38:09.835   MAIN   INF   JAHODA
2019-11-27 14:39:35.858   MAIN   INF   Server running
2019-11-27 14:39:36.588   MAIN   INF   Displaying LCD for Rompa
2019-11-27 14:39:36.595   MAIN   INF   JAHODA
2019-11-27 14:39:55.816   MAIN   INF   Server running
2019-11-27 14:39:56.765   MAIN   INF   Displaying LCD for Rompa
2019-11-27 14:39:56.774   MAIN   INF   JAHODA
2019-11-27 14:40:17.827   MAIN   INF   Server running
2019-11-27 14:40:19.439   MAIN   INF   Displaying LCD for Rompa
2019-11-27 14:40:19.445   MAIN   INF   JAHODA
2019-11-27 14:41:42.438   MAIN   INF   Server running
2019-11-27 14:41:43.414   MAIN   INF   Displaying LCD for Rompa
2019-11-27 14:41:44.791   MAIN   INF   Displaying LCD for Rompa
2019-11-27 14:42:17.825   MAIN   INF   Server running
2019-11-27 14:42:18.903   MAIN   INF   Displaying LCD for Rompa
2019-11-27 14:42:20.069   MAIN   INF   Displaying LCD for Rompa
2019-11-27 14:43:27.092   MAIN   INF   Server running
2019-11-27 14:43:27.466   MAIN   INF   Displaying LCD for Rompa
2019-11-27 14:44:16.493   MAIN   INF   Server running
2019-11-27 14:44:17.099   MAIN   INF   Displaying LCD for Rompa
2019-11-27 14:44:17.106   MAIN   INF   Adding worklace: JAHODA
2019-11-27 14:46:38.296   MAIN   INF   Server running
2019-11-27 14:46:39.038   MAIN   INF   Displaying LCD for Rompa
2019-11-27 14:46:39.044   MAIN   INF   Adding worklace: JAHODA
2019-11-27 15:04:10.733   MAIN   INF   Server running
2019-11-27 15:05:27.101   MAIN   INF   Server running
2019-11-27 15:05:29.673   MAIN   INF   Displaying LCD for Rompa
2019-11-27 15:05:29.678   MAIN   INF   Adding worklace: JAHODA
2019-11-27 15:07:11.638   MAIN   INF   Server running
2019-11-27 15:07:11.638   MAIN   INF   Streaming overview
2019-11-27 15:07:13.578   MAIN   INF   Displaying LCD for Rompa
2019-11-27 15:07:13.583   MAIN   INF   Adding worklace: JAHODA
2019-11-27 15:07:21.646   MAIN   INF   Streaming overview
2019-11-27 15:07:31.654   MAIN   INF   Streaming overview
2019-11-27 15:07:41.665   MAIN   INF   Streaming overview
2019-11-27 15:08:21.177   MAIN   INF   Server running
2019-11-27 15:08:21.178   MAIN   INF   Streaming overview
2019-11-27 15:08:31.189   MAIN   INF   Streaming overview
2019-11-27 15:08:41.200   MAIN   INF   Streaming overview
2019-11-27 15:08:51.211   MAIN   INF   Streaming overview
2019-11-27 15:09:01.222   MAIN   INF   Streaming overview
2019-11-27 15:09:11.234   MAIN   INF   Streaming overview
2019-11-27 15:09:16.226   MAIN   INF   Server running
2019-11-27 15:09:16.226   MAIN   INF   Streaming overview
2019-11-27 15:09:17.648   MAIN   INF   Displaying LCD for Rompa
2019-11-27 15:09:17.654   MAIN   INF   Adding worklace: JAHODA
2019-11-27 15:09:26.237   MAIN   INF   Streaming overview
2019-11-27 15:09:36.250   MAIN   INF   Streaming overview
2019-11-27 15:09:46.263   MAIN   INF   Streaming overview
2019-11-27 15:09:56.276   MAIN   INF   Streaming overview
2019-11-27 15:10:06.286   MAIN   INF   Streaming overview
2019-11-27 15:10:16.298   MAIN   INF   Streaming overview
2019-11-27 15:10:26.310   MAIN   INF   Streaming overview
2019-11-27 15:10:36.320   MAIN   INF   Streaming overview
2019-11-27 15:10:46.329   MAIN   INF   Streaming overview
2019-11-27 15:15:10.136   MAIN   INF   Server running
2019-11-27 15:15:10.137   MAIN   INF   Streaming overview
