2019-12-02 14:06:35.096   MAIN   INF   Server running
2019-12-02 14:06:35.096   MAIN   INF   Streaming overview
2019-12-02 14:06:35.193   MAIN   INF   Production: 43, Downtime: 13, Offline: 15
2019-12-02 14:06:35.193   MAIN   INF   Production: 60, Downtime: 18, Offline: 22
2019-12-02 14:06:45.198   MAIN   INF   Streaming overview
2019-12-02 14:06:45.304   MAIN   INF   Production: 43, Downtime: 13, Offline: 15
2019-12-02 14:06:45.304   MAIN   INF   Production: 60, Downtime: 18, Offline: 22
2019-12-02 14:06:49.302   MAIN   INF   Displaying LCD for Rompa
2019-12-02 14:06:49.309   MAIN   INF   Adding worklace: Pracoviste 1
2019-12-02 14:06:49.310   MAIN   INF   Adding worklace: Pracoviste 10
2019-12-02 14:06:49.310   MAIN   INF   Adding worklace: Pracoviste 11
2019-12-02 14:06:49.310   MAIN   INF   Adding worklace: Pracoviste 12
2019-12-02 14:06:49.310   MAIN   INF   Adding worklace: Pracoviste 13
2019-12-02 14:06:49.310   MAIN   INF   Adding worklace: Pracoviste 14
2019-12-02 14:06:49.310   MAIN   INF   Adding worklace: Pracoviste 15
2019-12-02 14:06:49.310   MAIN   INF   Adding worklace: Pracoviste 16
2019-12-02 14:06:49.310   MAIN   INF   Adding worklace: Pracoviste 17
2019-12-02 14:06:49.310   MAIN   INF   Adding worklace: Pracoviste 18
2019-12-02 14:06:49.310   MAIN   INF   Adding worklace: Pracoviste 19
2019-12-02 14:06:49.310   MAIN   INF   Adding worklace: Pracoviste 2
2019-12-02 14:06:49.310   MAIN   INF   Adding worklace: Pracoviste 20
2019-12-02 14:06:49.310   MAIN   INF   Adding worklace: Pracoviste 21
2019-12-02 14:06:49.310   MAIN   INF   Adding worklace: Pracoviste 22
2019-12-02 14:06:49.311   MAIN   INF   Adding worklace: Pracoviste 23
2019-12-02 14:06:49.311   MAIN   INF   Adding worklace: Pracoviste 24
2019-12-02 14:06:49.311   MAIN   INF   Adding worklace: Pracoviste 25
2019-12-02 14:06:49.311   MAIN   INF   Adding worklace: Pracoviste 26
2019-12-02 14:06:49.311   MAIN   INF   Adding worklace: Pracoviste 27
2019-12-02 14:06:49.311   MAIN   INF   Adding worklace: Pracoviste 28
2019-12-02 14:06:49.311   MAIN   INF   Adding worklace: Pracoviste 29
2019-12-02 14:06:49.311   MAIN   INF   Adding worklace: Pracoviste 3
2019-12-02 14:06:49.311   MAIN   INF   Adding worklace: Pracoviste 30
2019-12-02 14:06:49.311   MAIN   INF   Adding worklace: Pracoviste 31
2019-12-02 14:06:49.311   MAIN   INF   Adding worklace: Pracoviste 32
2019-12-02 14:06:49.311   MAIN   INF   Adding worklace: Pracoviste 33
2019-12-02 14:06:49.311   MAIN   INF   Adding worklace: Pracoviste 34
2019-12-02 14:06:49.311   MAIN   INF   Adding worklace: Pracoviste 35
2019-12-02 14:06:49.311   MAIN   INF   Adding worklace: Pracoviste 36
2019-12-02 14:06:49.311   MAIN   INF   Adding worklace: Pracoviste 37
2019-12-02 14:06:49.311   MAIN   INF   Adding worklace: Pracoviste 39
2019-12-02 14:06:49.311   MAIN   INF   Adding worklace: Pracoviste 4
2019-12-02 14:06:49.311   MAIN   INF   Adding worklace: Pracoviste 40
2019-12-02 14:06:49.312   MAIN   INF   Adding worklace: Pracoviste 41
2019-12-02 14:06:49.312   MAIN   INF   Adding worklace: Pracoviste 42
2019-12-02 14:06:49.312   MAIN   INF   Adding worklace: Pracoviste 43
2019-12-02 14:06:49.312   MAIN   INF   Adding worklace: Pracoviste 44
2019-12-02 14:06:49.312   MAIN   INF   Adding worklace: Pracoviste 45
2019-12-02 14:06:49.312   MAIN   INF   Adding worklace: Pracoviste 46
2019-12-02 14:06:49.312   MAIN   INF   Adding worklace: Pracoviste 47
2019-12-02 14:06:49.312   MAIN   INF   Adding worklace: Pracoviste 48
2019-12-02 14:06:49.312   MAIN   INF   Adding worklace: Pracoviste 49
2019-12-02 14:06:49.312   MAIN   INF   Adding worklace: Pracoviste 5
2019-12-02 14:06:49.312   MAIN   INF   Adding worklace: Pracoviste 50
2019-12-02 14:06:49.312   MAIN   INF   Adding worklace: Pracoviste 51
2019-12-02 14:06:49.312   MAIN   INF   Adding worklace: Pracoviste 52
2019-12-02 14:06:49.312   MAIN   INF   Adding worklace: Pracoviste 53
2019-12-02 14:06:49.312   MAIN   INF   Adding worklace: Pracoviste 54
2019-12-02 14:06:49.313   MAIN   INF   Adding worklace: Pracoviste 55
2019-12-02 14:06:49.313   MAIN   INF   Adding worklace: Pracoviste 56
2019-12-02 14:06:49.313   MAIN   INF   Adding worklace: Pracoviste 57
2019-12-02 14:06:49.313   MAIN   INF   Adding worklace: Pracoviste 58
2019-12-02 14:06:49.313   MAIN   INF   Adding worklace: Pracoviste 59
2019-12-02 14:06:49.313   MAIN   INF   Adding worklace: Pracoviste 6
2019-12-02 14:06:49.313   MAIN   INF   Adding worklace: Pracoviste 60
2019-12-02 14:06:49.313   MAIN   INF   Adding worklace: Pracoviste 61
2019-12-02 14:06:49.313   MAIN   INF   Adding worklace: Pracoviste 62
2019-12-02 14:06:49.313   MAIN   INF   Adding worklace: Pracoviste 63
2019-12-02 14:06:49.313   MAIN   INF   Adding worklace: Pracoviste 64
2019-12-02 14:06:49.314   MAIN   INF   Adding worklace: Pracoviste 65
2019-12-02 14:06:49.314   MAIN   INF   Adding worklace: Pracoviste 66
2019-12-02 14:06:49.314   MAIN   INF   Adding worklace: Pracoviste 67
2019-12-02 14:06:49.314   MAIN   INF   Adding worklace: Pracoviste 68
2019-12-02 14:06:49.314   MAIN   INF   Adding worklace: Pracoviste 69
2019-12-02 14:06:49.314   MAIN   INF   Adding worklace: Pracoviste 7
2019-12-02 14:06:49.314   MAIN   INF   Adding worklace: Pracoviste 70
2019-12-02 14:06:49.314   MAIN   INF   Adding worklace: Pracoviste 71
2019-12-02 14:06:49.314   MAIN   INF   Adding worklace: Pracoviste 72
2019-12-02 14:06:49.314   MAIN   INF   Adding worklace: Pracoviste 8
2019-12-02 14:06:49.315   MAIN   INF   Adding worklace: Pracoviste 9
2019-12-02 14:06:51.003   MAIN   INF   Displaying LCD for Rompa
2019-12-02 14:06:51.009   MAIN   INF   Adding worklace: Pracoviste 1
2019-12-02 14:06:51.009   MAIN   INF   Adding worklace: Pracoviste 10
2019-12-02 14:06:51.009   MAIN   INF   Adding worklace: Pracoviste 11
2019-12-02 14:06:51.009   MAIN   INF   Adding worklace: Pracoviste 12
2019-12-02 14:06:51.009   MAIN   INF   Adding worklace: Pracoviste 13
2019-12-02 14:06:51.009   MAIN   INF   Adding worklace: Pracoviste 14
2019-12-02 14:06:51.009   MAIN   INF   Adding worklace: Pracoviste 15
2019-12-02 14:06:51.009   MAIN   INF   Adding worklace: Pracoviste 16
2019-12-02 14:06:51.009   MAIN   INF   Adding worklace: Pracoviste 17
2019-12-02 14:06:51.010   MAIN   INF   Adding worklace: Pracoviste 18
2019-12-02 14:06:51.010   MAIN   INF   Adding worklace: Pracoviste 19
2019-12-02 14:06:51.010   MAIN   INF   Adding worklace: Pracoviste 2
2019-12-02 14:06:51.010   MAIN   INF   Adding worklace: Pracoviste 20
2019-12-02 14:06:51.010   MAIN   INF   Adding worklace: Pracoviste 21
2019-12-02 14:06:51.010   MAIN   INF   Adding worklace: Pracoviste 22
2019-12-02 14:06:51.014   MAIN   INF   Adding worklace: Pracoviste 23
2019-12-02 14:06:51.014   MAIN   INF   Adding worklace: Pracoviste 24
2019-12-02 14:06:51.014   MAIN   INF   Adding worklace: Pracoviste 25
2019-12-02 14:06:51.014   MAIN   INF   Adding worklace: Pracoviste 26
2019-12-02 14:06:51.014   MAIN   INF   Adding worklace: Pracoviste 27
2019-12-02 14:06:51.014   MAIN   INF   Adding worklace: Pracoviste 28
2019-12-02 14:06:51.014   MAIN   INF   Adding worklace: Pracoviste 29
2019-12-02 14:06:51.015   MAIN   INF   Adding worklace: Pracoviste 3
2019-12-02 14:06:51.015   MAIN   INF   Adding worklace: Pracoviste 30
2019-12-02 14:06:51.015   MAIN   INF   Adding worklace: Pracoviste 31
2019-12-02 14:06:51.015   MAIN   INF   Adding worklace: Pracoviste 32
2019-12-02 14:06:51.015   MAIN   INF   Adding worklace: Pracoviste 33
2019-12-02 14:06:51.015   MAIN   INF   Adding worklace: Pracoviste 34
2019-12-02 14:06:51.015   MAIN   INF   Adding worklace: Pracoviste 35
2019-12-02 14:06:51.015   MAIN   INF   Adding worklace: Pracoviste 36
2019-12-02 14:06:51.015   MAIN   INF   Adding worklace: Pracoviste 37
2019-12-02 14:06:51.015   MAIN   INF   Adding worklace: Pracoviste 39
2019-12-02 14:06:51.015   MAIN   INF   Adding worklace: Pracoviste 4
2019-12-02 14:06:51.015   MAIN   INF   Adding worklace: Pracoviste 40
2019-12-02 14:06:51.015   MAIN   INF   Adding worklace: Pracoviste 41
2019-12-02 14:06:51.015   MAIN   INF   Adding worklace: Pracoviste 42
2019-12-02 14:06:51.016   MAIN   INF   Adding worklace: Pracoviste 43
2019-12-02 14:06:51.016   MAIN   INF   Adding worklace: Pracoviste 44
2019-12-02 14:06:51.016   MAIN   INF   Adding worklace: Pracoviste 45
2019-12-02 14:06:51.016   MAIN   INF   Adding worklace: Pracoviste 46
2019-12-02 14:06:51.016   MAIN   INF   Adding worklace: Pracoviste 47
2019-12-02 14:06:51.016   MAIN   INF   Adding worklace: Pracoviste 48
2019-12-02 14:06:51.016   MAIN   INF   Adding worklace: Pracoviste 49
2019-12-02 14:06:51.016   MAIN   INF   Adding worklace: Pracoviste 5
2019-12-02 14:06:51.016   MAIN   INF   Adding worklace: Pracoviste 50
2019-12-02 14:06:51.016   MAIN   INF   Adding worklace: Pracoviste 51
2019-12-02 14:06:51.016   MAIN   INF   Adding worklace: Pracoviste 52
2019-12-02 14:06:51.016   MAIN   INF   Adding worklace: Pracoviste 53
2019-12-02 14:06:51.016   MAIN   INF   Adding worklace: Pracoviste 54
2019-12-02 14:06:51.016   MAIN   INF   Adding worklace: Pracoviste 55
2019-12-02 14:06:51.017   MAIN   INF   Adding worklace: Pracoviste 56
2019-12-02 14:06:51.017   MAIN   INF   Adding worklace: Pracoviste 57
2019-12-02 14:06:51.017   MAIN   INF   Adding worklace: Pracoviste 58
2019-12-02 14:06:51.017   MAIN   INF   Adding worklace: Pracoviste 59
2019-12-02 14:06:51.017   MAIN   INF   Adding worklace: Pracoviste 6
2019-12-02 14:06:51.017   MAIN   INF   Adding worklace: Pracoviste 60
2019-12-02 14:06:51.017   MAIN   INF   Adding worklace: Pracoviste 61
2019-12-02 14:06:51.017   MAIN   INF   Adding worklace: Pracoviste 62
2019-12-02 14:06:51.017   MAIN   INF   Adding worklace: Pracoviste 63
2019-12-02 14:06:51.017   MAIN   INF   Adding worklace: Pracoviste 64
2019-12-02 14:06:51.017   MAIN   INF   Adding worklace: Pracoviste 65
2019-12-02 14:06:51.017   MAIN   INF   Adding worklace: Pracoviste 66
2019-12-02 14:06:51.017   MAIN   INF   Adding worklace: Pracoviste 67
2019-12-02 14:06:51.017   MAIN   INF   Adding worklace: Pracoviste 68
2019-12-02 14:06:51.018   MAIN   INF   Adding worklace: Pracoviste 69
2019-12-02 14:06:51.018   MAIN   INF   Adding worklace: Pracoviste 7
2019-12-02 14:06:51.018   MAIN   INF   Adding worklace: Pracoviste 70
2019-12-02 14:06:51.018   MAIN   INF   Adding worklace: Pracoviste 71
2019-12-02 14:06:51.018   MAIN   INF   Adding worklace: Pracoviste 72
2019-12-02 14:06:51.018   MAIN   INF   Adding worklace: Pracoviste 8
2019-12-02 14:06:51.018   MAIN   INF   Adding worklace: Pracoviste 9
2019-12-02 14:06:55.308   MAIN   INF   Streaming overview
2019-12-02 14:06:55.398   MAIN   INF   Production: 43, Downtime: 13, Offline: 15
2019-12-02 14:06:55.399   MAIN   INF   Production: 60, Downtime: 18, Offline: 22
2019-12-02 14:07:05.403   MAIN   INF   Streaming overview
2019-12-02 14:07:05.491   MAIN   INF   Production: 43, Downtime: 13, Offline: 15
2019-12-02 14:07:05.491   MAIN   INF   Production: 60, Downtime: 18, Offline: 22
2019-12-02 14:07:15.493   MAIN   INF   Streaming overview
2019-12-02 14:07:15.593   MAIN   INF   Production: 43, Downtime: 13, Offline: 15
2019-12-02 14:07:15.594   MAIN   INF   Production: 60, Downtime: 18, Offline: 22
2019-12-02 14:07:25.598   MAIN   INF   Streaming overview
2019-12-02 14:07:25.681   MAIN   INF   Production: 43, Downtime: 13, Offline: 15
2019-12-02 14:07:25.681   MAIN   INF   Production: 60, Downtime: 18, Offline: 22
2019-12-02 14:07:35.685   MAIN   INF   Streaming overview
2019-12-02 14:07:35.769   MAIN   INF   Production: 43, Downtime: 13, Offline: 15
2019-12-02 14:07:35.769   MAIN   INF   Production: 60, Downtime: 18, Offline: 22
2019-12-02 14:07:45.770   MAIN   INF   Streaming overview
2019-12-02 14:07:45.853   MAIN   INF   Production: 43, Downtime: 13, Offline: 15
2019-12-02 14:07:45.853   MAIN   INF   Production: 60, Downtime: 18, Offline: 22
2019-12-02 14:07:55.855   MAIN   INF   Streaming overview
2019-12-02 14:07:55.943   MAIN   INF   Production: 43, Downtime: 13, Offline: 15
2019-12-02 14:07:55.943   MAIN   INF   Production: 60, Downtime: 18, Offline: 22
2019-12-02 14:08:05.946   MAIN   INF   Streaming overview
2019-12-02 14:08:06.033   MAIN   INF   Production: 43, Downtime: 13, Offline: 15
2019-12-02 14:08:06.033   MAIN   INF   Production: 60, Downtime: 18, Offline: 22
2019-12-02 14:08:16.038   MAIN   INF   Streaming overview
2019-12-02 14:08:16.125   MAIN   INF   Production: 43, Downtime: 13, Offline: 15
2019-12-02 14:08:16.125   MAIN   INF   Production: 60, Downtime: 18, Offline: 22
2019-12-02 14:08:26.126   MAIN   INF   Streaming overview
2019-12-02 14:08:26.224   MAIN   INF   Production: 43, Downtime: 13, Offline: 15
2019-12-02 14:08:26.224   MAIN   INF   Production: 60, Downtime: 18, Offline: 22
2019-12-02 14:08:36.229   MAIN   INF   Streaming overview
2019-12-02 14:08:36.323   MAIN   INF   Production: 43, Downtime: 13, Offline: 15
2019-12-02 14:08:36.323   MAIN   INF   Production: 60, Downtime: 18, Offline: 22
2019-12-02 14:08:46.324   MAIN   INF   Streaming overview
2019-12-02 14:08:46.406   MAIN   INF   Production: 43, Downtime: 13, Offline: 15
2019-12-02 14:08:46.406   MAIN   INF   Production: 60, Downtime: 18, Offline: 22
2019-12-02 14:08:56.396   MAIN   INF   Streaming overview
2019-12-02 14:08:56.491   MAIN   INF   Production: 43, Downtime: 13, Offline: 15
2019-12-02 14:08:56.491   MAIN   INF   Production: 60, Downtime: 18, Offline: 22
2019-12-02 14:09:06.484   MAIN   INF   Streaming overview
2019-12-02 14:09:06.561   MAIN   INF   Production: 43, Downtime: 13, Offline: 15
2019-12-02 14:09:06.561   MAIN   INF   Production: 60, Downtime: 18, Offline: 22
2019-12-02 14:09:16.561   MAIN   INF   Streaming overview
2019-12-02 14:09:16.649   MAIN   INF   Production: 43, Downtime: 13, Offline: 15
2019-12-02 14:09:16.649   MAIN   INF   Production: 60, Downtime: 18, Offline: 22
2019-12-02 14:09:26.650   MAIN   INF   Streaming overview
2019-12-02 14:09:26.738   MAIN   INF   Production: 43, Downtime: 13, Offline: 15
2019-12-02 14:09:26.738   MAIN   INF   Production: 60, Downtime: 18, Offline: 22
2019-12-02 14:09:36.737   MAIN   INF   Streaming overview
2019-12-02 14:09:36.825   MAIN   INF   Production: 43, Downtime: 13, Offline: 15
2019-12-02 14:09:36.825   MAIN   INF   Production: 60, Downtime: 18, Offline: 22
2019-12-02 14:09:46.825   MAIN   INF   Streaming overview
2019-12-02 14:09:46.967   MAIN   INF   Production: 43, Downtime: 13, Offline: 15
2019-12-02 14:09:46.967   MAIN   INF   Production: 60, Downtime: 18, Offline: 22
2019-12-02 14:09:56.968   MAIN   INF   Streaming overview
2019-12-02 14:09:57.066   MAIN   INF   Production: 43, Downtime: 13, Offline: 15
2019-12-02 14:09:57.067   MAIN   INF   Production: 60, Downtime: 18, Offline: 22
2019-12-02 14:10:07.069   MAIN   INF   Streaming overview
2019-12-02 14:10:07.159   MAIN   INF   Production: 43, Downtime: 13, Offline: 15
2019-12-02 14:10:07.159   MAIN   INF   Production: 60, Downtime: 18, Offline: 22
2019-12-02 14:10:17.162   MAIN   INF   Streaming overview
2019-12-02 14:10:17.243   MAIN   INF   Production: 43, Downtime: 13, Offline: 15
2019-12-02 14:10:17.243   MAIN   INF   Production: 60, Downtime: 18, Offline: 22
